Grover Cleveland

Harry Truman

William H. Taft

Bill Clinton

Calvin Coolidge

Gerald Ford

Donald Trump

Warren G. Harding

Ulysses S. Grant

John Tyler

Andrew Jackson

James Buchanan

Thomas Jefferson

Bill Clinton

Richard Nixon

John Adams

Ulysses S. Grant

Richard Nixon

Franklin Pierce

George H. W. Bush

Jimmy Carter

Grover Cleveland

James Madison

Abraham Lincoln

Millard Fillmore

George Washington

George H. W. Bush

Richard Nixon

James Monroe

John Quincy Adams

James Buchanan

Joe Biden

Millard Fillmore
Joe Biden

James Garfield

Thomas Jefferson

William McKinley

Martin Van Buren

Andrew Johnson

Bill Clinton

Benjamin Harrison

Richard Nixon

Dwight Eisenhower

John Adams

Warren G. Harding

Franklin Pierce

Rutherford B. Hayes

Franklin Pierce

James Madison

Millard Fillmore

William H. Harrison

George Washington

William McKinley

Benjamin Harrison

Chester A. Arthur
William H. Harrison

George W. Bush

George H. W. Bush

Theodore Roosevelt

Herbert Hoover

Rutherford B. Hayes

Dwight Eisenhower

George Washington

Thomas Jefferson

James Garfield

William H. Harrison

Lyndon B. Johnson

Richard Nixon

Dwight Eisenhower

Dwight Eisenhower

Chester A. Arthur

Franklin Roosevelt

Warren G. Harding

Grover Cleveland

Millard Fillmore

Andrew Jackson

Millard Fillmore

Barack Obama
George H. W. Bush

Gerald Ford

Joe Biden

Herbert Hoover

Theodore Roosevelt

Lyndon B. Johnson

John Quincy Adams

James Madison

Bill Clinton

James Madison

Richard Nixon

Harry Truman

Thomas Jefferson

James K. Polk
Franklin Pierce

Jimmy Carter

William McKinley

James K. Polk

Franklin Pierce

Bill Clinton
